<?xml version="1.0" encoding="UTF-8"?>
<!-- Generated by org.testng.reporters.JUnitXMLReporter -->
<testsuite ignored="1" hostname="Vaibhav-HP" failures="0" tests="1" name="Default test" time="1.677" errors="0" timestamp="2025-02-10T23:24:51 IST">
  <testcase classname="session04.CheckForValidResponse" name="getSingleUser_BDDStyle" time="1.639"/>
  <testcase classname="session04.CheckForValidResponse" name="getSingleUser" time="0.0">
    <ignored/>
  </testcase> <!-- getSingleUser -->
</testsuite> <!-- Default test -->
