<?xml version="1.0" encoding="UTF-8"?>
<testng-results ignored="0" total="1" passed="1" failed="0" skipped="0">
  <reporter-output>
  </reporter-output>
  <suite started-at="2025-02-07T16:29:56 IST" name="Default suite" finished-at="2025-02-07T16:29:57 IST" duration-ms="1608">
    <groups>
    </groups>
    <test started-at="2025-02-07T16:29:56 IST" name="Default test" finished-at="2025-02-07T16:29:57 IST" duration-ms="1608">
      <class name="session03.Test_GetMethod">
        <test-method signature="test()[pri:0, instance:session03.Test_GetMethod@4efbca5a]" started-at="2025-02-07T16:29:56 IST" name="test" finished-at="2025-02-07T16:29:57 IST" duration-ms="1568" status="PASS">
          <reporter-output>
          </reporter-output>
        </test-method> <!-- test -->
      </class> <!-- session03.Test_GetMethod -->
    </test> <!-- Default test -->
  </suite> <!-- Default suite -->
</testng-results>
