<?xml version="1.0" encoding="UTF-8"?>
<testng-results ignored="0" total="1" passed="1" failed="0" skipped="0">
  <reporter-output>
  </reporter-output>
  <suite started-at="2025-02-10T23:24:49 IST" name="Default suite" finished-at="2025-02-10T23:24:50 IST" duration-ms="1677">
    <groups>
    </groups>
    <test started-at="2025-02-10T23:24:49 IST" name="Default test" finished-at="2025-02-10T23:24:50 IST" duration-ms="1677">
      <class name="session04.CheckForValidResponse">
        <test-method signature="getSingleUser_BDDStyle()[pri:0, instance:session04.CheckForValidResponse@3270d194]" started-at="2025-02-10T23:24:49 IST" name="getSingleUser_BDDStyle" finished-at="2025-02-10T23:24:50 IST" duration-ms="1639" status="PASS">
          <reporter-output>
          </reporter-output>
        </test-method> <!-- getSingleUser_BDDStyle -->
      </class> <!-- session04.CheckForValidResponse -->
    </test> <!-- Default test -->
  </suite> <!-- Default suite -->
</testng-results>
